<?xml version="1.0" encoding="UTF-8"?>
<testsuite name="com.user.UserAuthenticationAuthorizationApplicationTests" tests="1" skipped="0" failures="0" errors="0" timestamp="2022-11-13T08:29:44" hostname="DELL" time="0.889">
  <properties/>
  <testcase name="contextLoads()" classname="com.user.UserAuthenticationAuthorizationApplicationTests" time="0.889"/>
  <system-out><![CDATA[13:59:39.200 [Test worker] DEBUG org.springframework.test.context.BootstrapUtils - Instantiating CacheAwareContextLoaderDelegate from class [org.springframework.test.context.cache.DefaultCacheAwareContextLoaderDelegate]
13:59:39.220 [Test worker] DEBUG org.springframework.test.context.BootstrapUtils - Instantiating BootstrapContext using constructor [public org.springframework.test.context.support.DefaultBootstrapContext(java.lang.Class,org.springframework.test.context.CacheAwareContextLoaderDelegate)]
13:59:39.265 [Test worker] DEBUG org.springframework.test.context.BootstrapUtils - Instantiating TestContextBootstrapper for test class [com.user.UserAuthenticationAuthorizationApplicationTests] from class [org.springframework.boot.test.context.SpringBootTestContextBootstrapper]
13:59:39.283 [Test worker] INFO org.springframework.boot.test.context.SpringBootTestContextBootstrapper - Neither @ContextConfiguration nor @ContextHierarchy found for test class [com.user.UserAuthenticationAuthorizationApplicationTests], using SpringBootContextLoader
13:59:39.289 [Test worker] DEBUG org.springframework.test.context.support.AbstractContextLoader - Did not detect default resource location for test class [com.user.UserAuthenticationAuthorizationApplicationTests]: class path resource [com/user/UserAuthenticationAuthorizationApplicationTests-context.xml] does not exist
13:59:39.289 [Test worker] DEBUG org.springframework.test.context.support.AbstractContextLoader - Did not detect default resource location for test class [com.user.UserAuthenticationAuthorizationApplicationTests]: class path resource [com/user/UserAuthenticationAuthorizationApplicationTestsContext.groovy] does not exist
13:59:39.290 [Test worker] INFO org.springframework.test.context.support.AbstractContextLoader - Could not detect default resource locations for test class [com.user.UserAuthenticationAuthorizationApplicationTests]: no resource found for suffixes {-context.xml, Context.groovy}.
13:59:39.290 [Test worker] INFO org.springframework.test.context.support.AnnotationConfigContextLoaderUtils - Could not detect default configuration classes for test class [com.user.UserAuthenticationAuthorizationApplicationTests]: UserAuthenticationAuthorizationApplicationTests does not declare any static, non-private, non-final, nested classes annotated with @Configuration.
13:59:39.361 [Test worker] DEBUG org.springframework.test.context.support.ActiveProfilesUtils - Could not find an 'annotation declaring class' for annotation type [org.springframework.test.context.ActiveProfiles] and class [com.user.UserAuthenticationAuthorizationApplicationTests]
13:59:39.453 [Test worker] DEBUG org.springframework.context.annotation.ClassPathScanningCandidateComponentProvider - Identified candidate component class: file [C:\Personal\LoveToDevelope\user_authenticatior\UserAuthenticationAuthorization\build\classes\java\main\com\user\UserAuthenticationAuthorizationApplication.class]
13:59:39.454 [Test worker] INFO org.springframework.boot.test.context.SpringBootTestContextBootstrapper - Found @SpringBootConfiguration com.user.UserAuthenticationAuthorizationApplication for test class com.user.UserAuthenticationAuthorizationApplicationTests
13:59:39.627 [Test worker] DEBUG org.springframework.boot.test.context.SpringBootTestContextBootstrapper - @TestExecutionListeners is not present for class [com.user.UserAuthenticationAuthorizationApplicationTests]: using defaults.
13:59:39.627 [Test worker] INFO org.springframework.boot.test.context.SpringBootTestContextBootstrapper - Loaded default TestExecutionListener class names from location [META-INF/spring.factories]: [org.springframework.security.test.context.support.WithSecurityContextTestExecutionListener, org.springframework.security.test.context.support.ReactorContextTestExecutionListener, org.springframework.boot.test.autoconfigure.restdocs.RestDocsTestExecutionListener, org.springframework.boot.test.autoconfigure.web.client.MockRestServiceServerResetTestExecutionListener, org.springframework.boot.test.autoconfigure.web.servlet.MockMvcPrintOnlyOnFailureTestExecutionListener, org.springframework.boot.test.autoconfigure.web.servlet.WebDriverTestExecutionListener, org.springframework.boot.test.autoconfigure.webservices.client.MockWebServiceServerTestExecutionListener, org.springframework.boot.test.mock.mockito.MockitoTestExecutionListener, org.springframework.boot.test.mock.mockito.ResetMocksTestExecutionListener, org.springframework.test.context.web.ServletTestExecutionListener, org.springframework.test.context.support.DirtiesContextBeforeModesTestExecutionListener, org.springframework.test.context.event.ApplicationEventsTestExecutionListener, org.springframework.test.context.support.DependencyInjectionTestExecutionListener, org.springframework.test.context.support.DirtiesContextTestExecutionListener, org.springframework.test.context.transaction.TransactionalTestExecutionListener, org.springframework.test.context.jdbc.SqlScriptsTestExecutionListener, org.springframework.test.context.event.EventPublishingTestExecutionListener]
13:59:39.656 [Test worker] DEBUG org.springframework.boot.test.context.SpringBootTestContextBootstrapper - Skipping candidate TestExecutionListener [org.springframework.test.context.transaction.TransactionalTestExecutionListener] due to a missing dependency. Specify custom listener classes or make the default listener classes and their required dependencies available. Offending class: [org/springframework/transaction/interceptor/TransactionAttributeSource]
13:59:39.657 [Test worker] DEBUG org.springframework.boot.test.context.SpringBootTestContextBootstrapper - Skipping candidate TestExecutionListener [org.springframework.test.context.jdbc.SqlScriptsTestExecutionListener] due to a missing dependency. Specify custom listener classes or make the default listener classes and their required dependencies available. Offending class: [org/springframework/transaction/interceptor/TransactionAttribute]
13:59:39.658 [Test worker] INFO org.springframework.boot.test.context.SpringBootTestContextBootstrapper - Using TestExecutionListeners: [org.springframework.test.context.web.ServletTestExecutionListener@77b21474, org.springframework.test.context.support.DirtiesContextBeforeModesTestExecutionListener@52d10fb8, org.springframework.test.context.event.ApplicationEventsTestExecutionListener@41c07648, org.springframework.boot.test.mock.mockito.MockitoTestExecutionListener@1fe8d51b, org.springframework.boot.test.autoconfigure.SpringBootDependencyInjectionTestExecutionListener@781e7326, org.springframework.test.context.support.DirtiesContextTestExecutionListener@22680f52, org.springframework.security.test.context.support.WithSecurityContextTestExecutionListener@60d84f61, org.springframework.test.context.event.EventPublishingTestExecutionListener@39c11e6c, org.springframework.security.test.context.support.ReactorContextTestExecutionListener@324dcd31, org.springframework.boot.test.autoconfigure.restdocs.RestDocsTestExecutionListener@503d56b5, org.springframework.boot.test.autoconfigure.web.client.MockRestServiceServerResetTestExecutionListener@72bca894, org.springframework.boot.test.autoconfigure.web.servlet.MockMvcPrintOnlyOnFailureTestExecutionListener@433ffad1, org.springframework.boot.test.autoconfigure.web.servlet.WebDriverTestExecutionListener@1fc793c2, org.springframework.boot.test.autoconfigure.webservices.client.MockWebServiceServerTestExecutionListener@2575f671, org.springframework.boot.test.mock.mockito.ResetMocksTestExecutionListener@329a1243]
13:59:39.663 [Test worker] DEBUG org.springframework.test.context.support.AbstractDirtiesContextTestExecutionListener - Before test class: context [DefaultTestContext@588ab592 testClass = UserAuthenticationAuthorizationApplicationTests, testInstance = [null], testMethod = [null], testException = [null], mergedContextConfiguration = [WebMergedContextConfiguration@c8b96ec testClass = UserAuthenticationAuthorizationApplicationTests, locations = '{}', classes = '{class com.user.UserAuthenticationAuthorizationApplication}', contextInitializerClasses = '[]', activeProfiles = '{}', propertySourceLocations = '{}', propertySourceProperties = '{org.springframework.boot.test.context.SpringBootTestContextBootstrapper=true}', contextCustomizers = set[org.springframework.boot.test.autoconfigure.actuate.metrics.MetricsExportContextCustomizerFactory$DisableMetricExportContextCustomizer@6aecbb8d, org.springframework.boot.test.autoconfigure.properties.PropertyMappingContextCustomizer@0, org.springframework.boot.test.autoconfigure.web.servlet.WebDriverContextCustomizerFactory$Customizer@62163b39, org.springframework.boot.test.context.filter.ExcludeFilterContextCustomizer@207b8649, org.springframework.boot.test.json.DuplicateJsonObjectContextCustomizerFactory$DuplicateJsonObjectContextCustomizer@53d1b9b3, org.springframework.boot.test.mock.mockito.MockitoContextCustomizer@0, org.springframework.boot.test.web.client.TestRestTemplateContextCustomizer@a776e, org.springframework.boot.test.context.SpringBootTestArgs@1, org.springframework.boot.test.context.SpringBootTestWebEnvironment@35a3d49f], resourceBasePath = 'src/main/webapp', contextLoader = 'org.springframework.boot.test.context.SpringBootContextLoader', parent = [null]], attributes = map['org.springframework.test.context.web.ServletTestExecutionListener.activateListener' -> true]], class annotated with @DirtiesContext [false] with mode [null].

  .   ____          _            __ _ _
 /\\ / ___'_ __ _ _(_)_ __  __ _ \ \ \ \
( ( )\___ | '_ | '_| | '_ \/ _` | \ \ \ \
 \\/  ___)| |_)| | | | | || (_| |  ) ) ) )
  '  |____| .__|_| |_|_| |_\__, | / / / /
 =========|_|==============|___/=/_/_/_/
 :: Spring Boot ::                (v2.7.5)

2022-11-13 13:59:40.169  INFO 6256 --- [    Test worker] henticationAuthorizationApplicationTests : Starting UserAuthenticationAuthorizationApplicationTests using Java 17.0.2 on dell with PID 6256 (started by mukti in C:\Personal\LoveToDevelope\user_authenticatior\UserAuthenticationAuthorization)
2022-11-13 13:59:40.171  INFO 6256 --- [    Test worker] henticationAuthorizationApplicationTests : No active profile set, falling back to 1 default profile: "default"
2022-11-13 13:59:42.421  INFO 6256 --- [    Test worker] o.s.s.web.DefaultSecurityFilterChain     : Will secure any request with [org.springframework.security.web.session.DisableEncodeUrlFilter@766a52f5, org.springframework.security.web.context.request.async.WebAsyncManagerIntegrationFilter@4342c13, org.springframework.security.web.context.SecurityContextPersistenceFilter@3f1a9a53, org.springframework.security.web.header.HeaderWriterFilter@52454457, org.springframework.security.web.csrf.CsrfFilter@58324c9f, org.springframework.security.web.authentication.logout.LogoutFilter@23ad71bf, org.springframework.security.web.authentication.UsernamePasswordAuthenticationFilter@64bebd55, org.springframework.security.web.authentication.ui.DefaultLoginPageGeneratingFilter@da4cf09, org.springframework.security.web.authentication.ui.DefaultLogoutPageGeneratingFilter@2ba1209b, org.springframework.security.web.authentication.www.BasicAuthenticationFilter@298b64f7, org.springframework.security.web.savedrequest.RequestCacheAwareFilter@535a518c, org.springframework.security.web.servletapi.SecurityContextHolderAwareRequestFilter@7a682d35, org.springframework.security.web.authentication.AnonymousAuthenticationFilter@7c241a9f, org.springframework.security.web.session.SessionManagementFilter@18dd5ed3, org.springframework.security.web.access.ExceptionTranslationFilter@3fbe503c, org.springframework.security.web.access.intercept.AuthorizationFilter@6579cdbb]
2022-11-13 13:59:44.023  INFO 6256 --- [    Test worker] o.s.b.a.e.web.EndpointLinksResolver      : Exposing 1 endpoint(s) beneath base path '/actuator'
2022-11-13 13:59:44.129  INFO 6256 --- [    Test worker] henticationAuthorizationApplicationTests : Started UserAuthenticationAuthorizationApplicationTests in 4.405 seconds (JVM running for 6.753)
]]></system-out>
  <system-err><![CDATA[]]></system-err>
</testsuite>
